XYZReader/build/outputs/logs/manifest-merger-debug-report.txt
-- Merging decision tree log ---
manifest
ADDED from src/main/AndroidManifest.xml:1:1-53:12
	xmlns:android
		ADDED from src/main/AndroidManifest.xml:1:11-69
	package
		ADDED from src/main/AndroidManifest.xml:2:5-36
	android:versionName
		ADDED from src/main/AndroidManifest.xml:4:5-30
		INJECTED from src/main/AndroidManifest.xml
		INJECTED from src/main/AndroidManifest.xml
	android:versionCode
		ADDED from src/main/AndroidManifest.xml:3:5-28
		INJECTED from src/main/AndroidManifest.xml
		INJECTED from src/main/AndroidManifest.xml
uses-permission#android.permission.INTERNET
ADDED from src/main/AndroidManifest.xml:6:5-67
	android:name
		ADDED from src/main/AndroidManifest.xml:6:22-64
uses-permission#android.permission.WRITE_EXTERNAL_STORAGE
ADDED from src/main/AndroidManifest.xml:7:5-81
	android:name
		ADDED from src/main/AndroidManifest.xml:7:22-78
uses-permission#android.permission.BROADCAST_STICKY
ADDED from src/main/AndroidManifest.xml:8:5-75
	android:name
		ADDED from src/main/AndroidManifest.xml:8:22-72
uses-permission#android.permission.ACCESS_NETWORK_STATE
ADDED from src/main/AndroidManifest.xml:9:5-79
	android:name
		ADDED from src/main/AndroidManifest.xml:9:22-76
application
ADDED from src/main/AndroidManifest.xml:11:5-51:19
MERGED from [com.android.support:support-v4:23.1.1] AndroidManifest.xml:22:5-20
MERGED from [com.android.support:support-v13:23.1.1] AndroidManifest.xml:22:5-20
MERGED from [com.android.support:support-v4:23.1.1] AndroidManifest.xml:22:5-20
MERGED from [com.android.support:appcompat-v7:23.1.1] AndroidManifest.xml:22:5-20
MERGED from [com.android.support:support-v4:23.1.1] AndroidManifest.xml:22:5-20
MERGED from [com.android.support:design:23.1.1] AndroidManifest.xml:22:5-20
MERGED from [com.android.support:appcompat-v7:23.1.1] AndroidManifest.xml:22:5-20
MERGED from [com.android.support:support-v4:23.1.1] AndroidManifest.xml:22:5-20
MERGED from [com.android.support:support-v4:23.1.1] AndroidManifest.xml:22:5-20
MERGED from [com.android.support:support-v4:23.1.1] AndroidManifest.xml:22:5-20
MERGED from [com.android.support:palette-v7:23.1.1] AndroidManifest.xml:22:5-23:19
MERGED from [com.android.support:support-v4:23.1.1] AndroidManifest.xml:22:5-20
MERGED from [com.android.support:support-v4:23.1.1] AndroidManifest.xml:22:5-20
MERGED from [com.android.support:cardview-v7:23.1.1] AndroidManifest.xml:22:5-20
	android:label
		ADDED from src/main/AndroidManifest.xml:14:9-41
	android:allowBackup
		ADDED from src/main/AndroidManifest.xml:12:9-35
	android:icon
		ADDED from src/main/AndroidManifest.xml:13:9-43
	android:theme
		ADDED from src/main/AndroidManifest.xml:15:9-43
activity#com.example.xyzreader.ui.activity.ArticleListActivity
ADDED from src/main/AndroidManifest.xml:17:9-27:20
	android:label
		ADDED from src/main/AndroidManifest.xml:19:13-45
	android:theme
		ADDED from src/main/AndroidManifest.xml:20:13-54
	android:name
		ADDED from src/main/AndroidManifest.xml:18:13-60
intent-filter#android.intent.action.MAIN+android.intent.category.LAUNCHER
ADDED from src/main/AndroidManifest.xml:22:13-25:29
action#android.intent.action.MAIN
ADDED from src/main/AndroidManifest.xml:23:17-69
	android:name
		ADDED from src/main/AndroidManifest.xml:23:25-66
category#android.intent.category.LAUNCHER
ADDED from src/main/AndroidManifest.xml:24:17-77
	android:name
		ADDED from src/main/AndroidManifest.xml:24:27-74
activity#com.example.xyzreader.ui.activity.ArticleDetailActivity
ADDED from src/main/AndroidManifest.xml:29:9-42:20
	android:parentActivityName
		ADDED from src/main/AndroidManifest.xml:31:13-74
	android:name
		ADDED from src/main/AndroidManifest.xml:30:13-62
intent-filter#android.intent.action.VIEW+android.intent.category.DEFAULT
ADDED from src/main/AndroidManifest.xml:34:13-38:29
action#android.intent.action.VIEW
ADDED from src/main/AndroidManifest.xml:35:17-69
	android:name
		ADDED from src/main/AndroidManifest.xml:35:25-66
category#android.intent.category.DEFAULT
ADDED from src/main/AndroidManifest.xml:36:17-76
	android:name
		ADDED from src/main/AndroidManifest.xml:36:27-73
data
ADDED from src/main/AndroidManifest.xml:37:17-100
	android:mimeType
		ADDED from src/main/AndroidManifest.xml:37:23-97
meta-data#android.support.PARENT_ACTIVITY
ADDED from src/main/AndroidManifest.xml:39:13-41:68
	android:name
		ADDED from src/main/AndroidManifest.xml:40:17-63
	android:value
		ADDED from src/main/AndroidManifest.xml:41:17-65
service#com.example.xyzreader.data.UpdaterService
ADDED from src/main/AndroidManifest.xml:44:9-45:40
	android:exported
		ADDED from src/main/AndroidManifest.xml:45:13-37
	android:name
		ADDED from src/main/AndroidManifest.xml:44:18-53
provider#com.example.xyzreader.data.ItemsProvider
ADDED from src/main/AndroidManifest.xml:47:9-49:40
	android:exported
		ADDED from src/main/AndroidManifest.xml:49:13-37
	android:authorities
		ADDED from src/main/AndroidManifest.xml:48:13-56
	android:name
		ADDED from src/main/AndroidManifest.xml:47:19-53
uses-sdk
INJECTED from src/main/AndroidManifest.xml reason: use-sdk injection requested
MERGED from [com.android.support:support-v4:23.1.1] AndroidManifest.xml:20:5-43
MERGED from [com.android.support:support-v13:23.1.1] AndroidManifest.xml:20:5-44
MERGED from [com.android.support:support-v4:23.1.1] AndroidManifest.xml:20:5-43
MERGED from [com.android.support:appcompat-v7:23.1.1] AndroidManifest.xml:20:5-43
MERGED from [com.android.support:support-v4:23.1.1] AndroidManifest.xml:20:5-43
MERGED from [com.android.support:design:23.1.1] AndroidManifest.xml:20:5-43
MERGED from [com.android.support:appcompat-v7:23.1.1] AndroidManifest.xml:20:5-43
MERGED from [com.android.support:support-v4:23.1.1] AndroidManifest.xml:20:5-43
MERGED from [com.android.support:recyclerview-v7:23.1.1] AndroidManifest.xml:20:5-43
MERGED from [com.android.support:support-v4:23.1.1] AndroidManifest.xml:20:5-43
MERGED from [com.android.support:support-v4:23.1.1] AndroidManifest.xml:20:5-43
MERGED from [com.android.support:palette-v7:23.1.1] AndroidManifest.xml:20:5-43
MERGED from [com.android.support:support-v4:23.1.1] AndroidManifest.xml:20:5-43
MERGED from [com.android.support:recyclerview-v7:23.1.1] AndroidManifest.xml:20:5-43
MERGED from [com.android.support:support-v4:23.1.1] AndroidManifest.xml:20:5-43
MERGED from [com.android.support:cardview-v7:23.1.1] AndroidManifest.xml:20:5-43
	android:targetSdkVersion
		INJECTED from src/main/AndroidManifest.xml
		INJECTED from src/main/AndroidManifest.xml
	android:minSdkVersion
		INJECTED from src/main/AndroidManifest.xml
		INJECTED from src/main/AndroidManifest.xml